<?xml version="1.0" encoding="UTF-8"?>
<!-- Generated by org.testng.reporters.JUnitXMLReporter -->
<testsuite hostname="zhaolu-PC" name="acitivity" tests="19" failures="8" timestamp="7 Nov 2018 10:29:46 GMT" time="145.081" errors="0">
  <testcase name="createActivity" time="35.981" classname="iqidaoTest.testCase.ActivityTC">
    <failure type="org.openqa.selenium.TimeoutException" message="Timed out after 5 seconds waiting for presence of element located by: By.cssSelector: .clearfix.text-center.ajaxSelect
Build info: version: &amp;apos;2.53.0&amp;apos;, revision: &amp;apos;35ae25b1534ae328c771e0856c93e187490ca824&amp;apos;, time: &amp;apos;2016-03-15 10:43:46&amp;apos;
System info: host: &amp;apos;zhaolu-PC&amp;apos;, ip: &amp;apos;192.168.10.54&amp;apos;, os.name: &amp;apos;Windows 7&amp;apos;, os.arch: &amp;apos;amd64&amp;apos;, os.version: &amp;apos;6.1&amp;apos;, java.version: &amp;apos;1.8.0_144&amp;apos;
Driver info: iqidaoTest.Utils.MyChormeDriver
Capabilities [{message=unknown error: cannot find dict &amp;apos;desiredCapabilities&amp;apos;
  (Driver info: chromedriver=2.9.248315,platform=Windows NT 6.1 SP1 x86_64), platform=ANY}]
Session ID: 083715484f9e5d467c64d6b6d5a67beb">
      <![CDATA[org.openqa.selenium.TimeoutException: Timed out after 5 seconds waiting for presence of element located by: By.cssSelector: .clearfix.text-center.ajaxSelect
Build info: version: '2.53.0', revision: '35ae25b1534ae328c771e0856c93e187490ca824', time: '2016-03-15 10:43:46'
System info: host: 'zhaolu-PC', ip: '192.168.10.54', os.name: 'Windows 7', os.arch: 'amd64', os.version: '6.1', java.version: '1.8.0_144'
Driver info: iqidaoTest.Utils.MyChormeDriver
Capabilities [{message=unknown error: cannot find dict 'desiredCapabilities'
  (Driver info: chromedriver=2.9.248315,platform=Windows NT 6.1 SP1 x86_64), platform=ANY}]
Session ID: 083715484f9e5d467c64d6b6d5a67beb
	at org.openqa.selenium.support.ui.WebDriverWait.timeoutException(WebDriverWait.java:80)
	at org.openqa.selenium.support.ui.FluentWait.until(FluentWait.java:261)
	at iqidaoTest.adminPageObject.CreateActivityPage.setActivityTeacher(CreateActivityPage.java:76)
	at iqidaoTest.adminPageObject.CreateActivityPage.createActivity(CreateActivityPage.java:166)
	at iqidaoTest.testCase.ActivityTC.createActivity(ActivityTC.java:88)
	at java.util.concurrent.FutureTask.run(FutureTask.java:266)
	at java.util.concurrent.ThreadPoolExecutor.runWorker(ThreadPoolExecutor.java:1149)
	at java.util.concurrent.ThreadPoolExecutor$Worker.run(ThreadPoolExecutor.java:624)
	at java.lang.Thread.run(Thread.java:748)
Caused by: org.openqa.selenium.NoSuchElementException: no such element
  (Session info: chrome=50.0.2661.94)
  (Driver info: chromedriver=2.9.248315,platform=Windows NT 6.1 SP1 x86_64) (WARNING: The server did not provide any stacktrace information)
Command duration or timeout: 240 milliseconds
For documentation on this error, please visit: http://seleniumhq.org/exceptions/no_such_element.html
Build info: version: '2.53.0', revision: '35ae25b1534ae328c771e0856c93e187490ca824', time: '2016-03-15 10:43:46'
System info: host: 'zhaolu-PC', ip: '192.168.10.54', os.name: 'Windows 7', os.arch: 'amd64', os.version: '6.1', java.version: '1.8.0_144'
Driver info: iqidaoTest.Utils.MyChormeDriver
Capabilities [{message=unknown error: cannot find dict 'desiredCapabilities'
  (Driver info: chromedriver=2.9.248315,platform=Windows NT 6.1 SP1 x86_64), platform=ANY}]
Session ID: 083715484f9e5d467c64d6b6d5a67beb
*** Element info: {Using=css selector, value=.clearfix.text-center.ajaxSelect}
	at org.openqa.selenium.remote.ErrorHandler.createThrowable(ErrorHandler.java:206)
	at org.openqa.selenium.remote.ErrorHandler.throwIfResponseFailed(ErrorHandler.java:158)
	at org.openqa.selenium.remote.RemoteWebDriver.execute(RemoteWebDriver.java:678)
	at org.openqa.selenium.remote.RemoteWebDriver.findElement(RemoteWebDriver.java:363)
	at org.openqa.selenium.remote.RemoteWebDriver.findElementByCssSelector(RemoteWebDriver.java:492)
	at org.openqa.selenium.By$ByCssSelector.findElement(By.java:430)
	at org.openqa.selenium.remote.RemoteWebDriver.findElement(RemoteWebDriver.java:355)
	at org.openqa.selenium.support.ui.ExpectedConditions.findElement(ExpectedConditions.java:899)
	at org.openqa.selenium.support.ui.ExpectedConditions.access$000(ExpectedConditions.java:41)
	at org.openqa.selenium.support.ui.ExpectedConditions$6.apply(ExpectedConditions.java:181)
	at org.openqa.selenium.support.ui.ExpectedConditions$6.apply(ExpectedConditions.java:178)
	at org.openqa.selenium.support.ui.FluentWait.until(FluentWait.java:238)
	... 23 more
... Removed 20 stack frames]]>
    </failure>
  </testcase> <!-- createActivity -->
  <testcase name="createActivity" time="6.168" classname="iqidaoTest.testCase.ActivityTC">
    <failure type="org.openqa.selenium.NoSuchElementException" message="no such element
  (Session info: chrome=50.0.2661.94)
  (Driver info: chromedriver=2.9.248315,platform=Windows NT 6.1 SP1 x86_64) (WARNING: The server did not provide any stacktrace information)
Command duration or timeout: 135 milliseconds
For documentation on this error, please visit: http://seleniumhq.org/exceptions/no_such_element.html
Build info: version: &amp;apos;2.53.0&amp;apos;, revision: &amp;apos;35ae25b1534ae328c771e0856c93e187490ca824&amp;apos;, time: &amp;apos;2016-03-15 10:43:46&amp;apos;
System info: host: &amp;apos;zhaolu-PC&amp;apos;, ip: &amp;apos;192.168.10.54&amp;apos;, os.name: &amp;apos;Windows 7&amp;apos;, os.arch: &amp;apos;amd64&amp;apos;, os.version: &amp;apos;6.1&amp;apos;, java.version: &amp;apos;1.8.0_144&amp;apos;
Driver info: iqidaoTest.Utils.MyChormeDriver
Capabilities [{message=unknown error: cannot find dict &amp;apos;desiredCapabilities&amp;apos;
  (Driver info: chromedriver=2.9.248315,platform=Windows NT 6.1 SP1 x86_64), platform=ANY}]
Session ID: 083715484f9e5d467c64d6b6d5a67beb
*** Element info: {Using=class name, value=select2-search__field}">
      <![CDATA[org.openqa.selenium.NoSuchElementException: no such element
  (Session info: chrome=50.0.2661.94)
  (Driver info: chromedriver=2.9.248315,platform=Windows NT 6.1 SP1 x86_64) (WARNING: The server did not provide any stacktrace information)
Command duration or timeout: 135 milliseconds
For documentation on this error, please visit: http://seleniumhq.org/exceptions/no_such_element.html
Build info: version: '2.53.0', revision: '35ae25b1534ae328c771e0856c93e187490ca824', time: '2016-03-15 10:43:46'
System info: host: 'zhaolu-PC', ip: '192.168.10.54', os.name: 'Windows 7', os.arch: 'amd64', os.version: '6.1', java.version: '1.8.0_144'
Driver info: iqidaoTest.Utils.MyChormeDriver
Capabilities [{message=unknown error: cannot find dict 'desiredCapabilities'
  (Driver info: chromedriver=2.9.248315,platform=Windows NT 6.1 SP1 x86_64), platform=ANY}]
Session ID: 083715484f9e5d467c64d6b6d5a67beb
*** Element info: {Using=class name, value=select2-search__field}
	at org.openqa.selenium.remote.ErrorHandler.createThrowable(ErrorHandler.java:206)
	at org.openqa.selenium.remote.ErrorHandler.throwIfResponseFailed(ErrorHandler.java:158)
	at org.openqa.selenium.remote.RemoteWebDriver.execute(RemoteWebDriver.java:678)
	at org.openqa.selenium.remote.RemoteWebDriver.findElement(RemoteWebDriver.java:363)
	at org.openqa.selenium.remote.RemoteWebDriver.findElementByClassName(RemoteWebDriver.java:477)
	at org.openqa.selenium.By$ByClassName.findElement(By.java:391)
	at org.openqa.selenium.remote.RemoteWebDriver.findElement(RemoteWebDriver.java:355)
	at iqidaoTest.adminPageObject.CreateActivityPage.setActivityTeacher(CreateActivityPage.java:74)
	at iqidaoTest.adminPageObject.CreateActivityPage.createActivity(CreateActivityPage.java:166)
	at iqidaoTest.testCase.ActivityTC.createActivity(ActivityTC.java:88)
	at java.util.concurrent.FutureTask.run(FutureTask.java:266)
	at java.util.concurrent.ThreadPoolExecutor.runWorker(ThreadPoolExecutor.java:1149)
	at java.util.concurrent.ThreadPoolExecutor$Worker.run(ThreadPoolExecutor.java:624)
	at java.lang.Thread.run(Thread.java:748)
... Removed 20 stack frames]]>
    </failure>
  </testcase> <!-- createActivity -->
  <testcase name="createActivity" time="8.288" classname="iqidaoTest.testCase.ActivityTC">
    <failure type="org.openqa.selenium.TimeoutException" message="Timed out after 5 seconds waiting for presence of element located by: By.cssSelector: .clearfix.text-center.ajaxSelect
Build info: version: &amp;apos;2.53.0&amp;apos;, revision: &amp;apos;35ae25b1534ae328c771e0856c93e187490ca824&amp;apos;, time: &amp;apos;2016-03-15 10:43:46&amp;apos;
System info: host: &amp;apos;zhaolu-PC&amp;apos;, ip: &amp;apos;192.168.10.54&amp;apos;, os.name: &amp;apos;Windows 7&amp;apos;, os.arch: &amp;apos;amd64&amp;apos;, os.version: &amp;apos;6.1&amp;apos;, java.version: &amp;apos;1.8.0_144&amp;apos;
Driver info: iqidaoTest.Utils.MyChormeDriver
Capabilities [{message=unknown error: cannot find dict &amp;apos;desiredCapabilities&amp;apos;
  (Driver info: chromedriver=2.9.248315,platform=Windows NT 6.1 SP1 x86_64), platform=ANY}]
Session ID: 083715484f9e5d467c64d6b6d5a67beb">
      <![CDATA[org.openqa.selenium.TimeoutException: Timed out after 5 seconds waiting for presence of element located by: By.cssSelector: .clearfix.text-center.ajaxSelect
Build info: version: '2.53.0', revision: '35ae25b1534ae328c771e0856c93e187490ca824', time: '2016-03-15 10:43:46'
System info: host: 'zhaolu-PC', ip: '192.168.10.54', os.name: 'Windows 7', os.arch: 'amd64', os.version: '6.1', java.version: '1.8.0_144'
Driver info: iqidaoTest.Utils.MyChormeDriver
Capabilities [{message=unknown error: cannot find dict 'desiredCapabilities'
  (Driver info: chromedriver=2.9.248315,platform=Windows NT 6.1 SP1 x86_64), platform=ANY}]
Session ID: 083715484f9e5d467c64d6b6d5a67beb
	at org.openqa.selenium.support.ui.WebDriverWait.timeoutException(WebDriverWait.java:80)
	at org.openqa.selenium.support.ui.FluentWait.until(FluentWait.java:261)
	at iqidaoTest.adminPageObject.CreateActivityPage.setActivityTeacher(CreateActivityPage.java:76)
	at iqidaoTest.adminPageObject.CreateActivityPage.createActivity(CreateActivityPage.java:166)
	at iqidaoTest.testCase.ActivityTC.createActivity(ActivityTC.java:88)
	at java.util.concurrent.FutureTask.run(FutureTask.java:266)
	at java.util.concurrent.ThreadPoolExecutor.runWorker(ThreadPoolExecutor.java:1149)
	at java.util.concurrent.ThreadPoolExecutor$Worker.run(ThreadPoolExecutor.java:624)
	at java.lang.Thread.run(Thread.java:748)
Caused by: org.openqa.selenium.NoSuchElementException: no such element
  (Session info: chrome=50.0.2661.94)
  (Driver info: chromedriver=2.9.248315,platform=Windows NT 6.1 SP1 x86_64) (WARNING: The server did not provide any stacktrace information)
Command duration or timeout: 332 milliseconds
For documentation on this error, please visit: http://seleniumhq.org/exceptions/no_such_element.html
Build info: version: '2.53.0', revision: '35ae25b1534ae328c771e0856c93e187490ca824', time: '2016-03-15 10:43:46'
System info: host: 'zhaolu-PC', ip: '192.168.10.54', os.name: 'Windows 7', os.arch: 'amd64', os.version: '6.1', java.version: '1.8.0_144'
Driver info: iqidaoTest.Utils.MyChormeDriver
Capabilities [{message=unknown error: cannot find dict 'desiredCapabilities'
  (Driver info: chromedriver=2.9.248315,platform=Windows NT 6.1 SP1 x86_64), platform=ANY}]
Session ID: 083715484f9e5d467c64d6b6d5a67beb
*** Element info: {Using=css selector, value=.clearfix.text-center.ajaxSelect}
	at org.openqa.selenium.remote.ErrorHandler.createThrowable(ErrorHandler.java:206)
	at org.openqa.selenium.remote.ErrorHandler.throwIfResponseFailed(ErrorHandler.java:158)
	at org.openqa.selenium.remote.RemoteWebDriver.execute(RemoteWebDriver.java:678)
	at org.openqa.selenium.remote.RemoteWebDriver.findElement(RemoteWebDriver.java:363)
	at org.openqa.selenium.remote.RemoteWebDriver.findElementByCssSelector(RemoteWebDriver.java:492)
	at org.openqa.selenium.By$ByCssSelector.findElement(By.java:430)
	at org.openqa.selenium.remote.RemoteWebDriver.findElement(RemoteWebDriver.java:355)
	at org.openqa.selenium.support.ui.ExpectedConditions.findElement(ExpectedConditions.java:899)
	at org.openqa.selenium.support.ui.ExpectedConditions.access$000(ExpectedConditions.java:41)
	at org.openqa.selenium.support.ui.ExpectedConditions$6.apply(ExpectedConditions.java:181)
	at org.openqa.selenium.support.ui.ExpectedConditions$6.apply(ExpectedConditions.java:178)
	at org.openqa.selenium.support.ui.FluentWait.until(FluentWait.java:238)
	... 23 more
... Removed 19 stack frames]]>
    </failure>
  </testcase> <!-- createActivity -->
  <testcase name="createActivity" time="9.543" classname="iqidaoTest.testCase.ActivityTC">
    <failure type="org.openqa.selenium.TimeoutException" message="Timed out after 5 seconds waiting for presence of element located by: By.cssSelector: .clearfix.text-center.ajaxSelect
Build info: version: &amp;apos;2.53.0&amp;apos;, revision: &amp;apos;35ae25b1534ae328c771e0856c93e187490ca824&amp;apos;, time: &amp;apos;2016-03-15 10:43:46&amp;apos;
System info: host: &amp;apos;zhaolu-PC&amp;apos;, ip: &amp;apos;192.168.10.54&amp;apos;, os.name: &amp;apos;Windows 7&amp;apos;, os.arch: &amp;apos;amd64&amp;apos;, os.version: &amp;apos;6.1&amp;apos;, java.version: &amp;apos;1.8.0_144&amp;apos;
Driver info: iqidaoTest.Utils.MyChormeDriver
Capabilities [{message=unknown error: cannot find dict &amp;apos;desiredCapabilities&amp;apos;
  (Driver info: chromedriver=2.9.248315,platform=Windows NT 6.1 SP1 x86_64), platform=ANY}]
Session ID: 083715484f9e5d467c64d6b6d5a67beb">
      <![CDATA[org.openqa.selenium.TimeoutException: Timed out after 5 seconds waiting for presence of element located by: By.cssSelector: .clearfix.text-center.ajaxSelect
Build info: version: '2.53.0', revision: '35ae25b1534ae328c771e0856c93e187490ca824', time: '2016-03-15 10:43:46'
System info: host: 'zhaolu-PC', ip: '192.168.10.54', os.name: 'Windows 7', os.arch: 'amd64', os.version: '6.1', java.version: '1.8.0_144'
Driver info: iqidaoTest.Utils.MyChormeDriver
Capabilities [{message=unknown error: cannot find dict 'desiredCapabilities'
  (Driver info: chromedriver=2.9.248315,platform=Windows NT 6.1 SP1 x86_64), platform=ANY}]
Session ID: 083715484f9e5d467c64d6b6d5a67beb
	at org.openqa.selenium.support.ui.WebDriverWait.timeoutException(WebDriverWait.java:80)
	at org.openqa.selenium.support.ui.FluentWait.until(FluentWait.java:261)
	at iqidaoTest.adminPageObject.CreateActivityPage.setActivityTeacher(CreateActivityPage.java:76)
	at iqidaoTest.adminPageObject.CreateActivityPage.createActivity(CreateActivityPage.java:166)
	at iqidaoTest.testCase.ActivityTC.createActivity(ActivityTC.java:88)
	at java.util.concurrent.FutureTask.run(FutureTask.java:266)
	at java.util.concurrent.ThreadPoolExecutor.runWorker(ThreadPoolExecutor.java:1149)
	at java.util.concurrent.ThreadPoolExecutor$Worker.run(ThreadPoolExecutor.java:624)
	at java.lang.Thread.run(Thread.java:748)
Caused by: org.openqa.selenium.NoSuchElementException: no such element
  (Session info: chrome=50.0.2661.94)
  (Driver info: chromedriver=2.9.248315,platform=Windows NT 6.1 SP1 x86_64) (WARNING: The server did not provide any stacktrace information)
Command duration or timeout: 13 milliseconds
For documentation on this error, please visit: http://seleniumhq.org/exceptions/no_such_element.html
Build info: version: '2.53.0', revision: '35ae25b1534ae328c771e0856c93e187490ca824', time: '2016-03-15 10:43:46'
System info: host: 'zhaolu-PC', ip: '192.168.10.54', os.name: 'Windows 7', os.arch: 'amd64', os.version: '6.1', java.version: '1.8.0_144'
Driver info: iqidaoTest.Utils.MyChormeDriver
Capabilities [{message=unknown error: cannot find dict 'desiredCapabilities'
  (Driver info: chromedriver=2.9.248315,platform=Windows NT 6.1 SP1 x86_64), platform=ANY}]
Session ID: 083715484f9e5d467c64d6b6d5a67beb
*** Element info: {Using=css selector, value=.clearfix.text-center.ajaxSelect}
	at org.openqa.selenium.remote.ErrorHandler.createThrowable(ErrorHandler.java:206)
	at org.openqa.selenium.remote.ErrorHandler.throwIfResponseFailed(ErrorHandler.java:158)
	at org.openqa.selenium.remote.RemoteWebDriver.execute(RemoteWebDriver.java:678)
	at org.openqa.selenium.remote.RemoteWebDriver.findElement(RemoteWebDriver.java:363)
	at org.openqa.selenium.remote.RemoteWebDriver.findElementByCssSelector(RemoteWebDriver.java:492)
	at org.openqa.selenium.By$ByCssSelector.findElement(By.java:430)
	at org.openqa.selenium.remote.RemoteWebDriver.findElement(RemoteWebDriver.java:355)
	at org.openqa.selenium.support.ui.ExpectedConditions.findElement(ExpectedConditions.java:899)
	at org.openqa.selenium.support.ui.ExpectedConditions.access$000(ExpectedConditions.java:41)
	at org.openqa.selenium.support.ui.ExpectedConditions$6.apply(ExpectedConditions.java:181)
	at org.openqa.selenium.support.ui.ExpectedConditions$6.apply(ExpectedConditions.java:178)
	at org.openqa.selenium.support.ui.FluentWait.until(FluentWait.java:238)
	... 23 more
... Removed 19 stack frames]]>
    </failure>
  </testcase> <!-- createActivity -->
  <testcase name="createSeasonAndCourse" time="69.071" classname="iqidaoTest.testCase.ActivityTC"/>
  <testcase name="createSeasonAndCoursetest" time="3.459" classname="iqidaoTest.testCase.ActivityTC">
    <failure type="org.openqa.selenium.NoSuchElementException" message="no such element
  (Session info: chrome=50.0.2661.94)
  (Driver info: chromedriver=2.9.248315,platform=Windows NT 6.1 SP1 x86_64) (WARNING: The server did not provide any stacktrace information)
Command duration or timeout: 23 milliseconds
For documentation on this error, please visit: http://seleniumhq.org/exceptions/no_such_element.html
Build info: version: &amp;apos;2.53.0&amp;apos;, revision: &amp;apos;35ae25b1534ae328c771e0856c93e187490ca824&amp;apos;, time: &amp;apos;2016-03-15 10:43:46&amp;apos;
System info: host: &amp;apos;zhaolu-PC&amp;apos;, ip: &amp;apos;192.168.10.54&amp;apos;, os.name: &amp;apos;Windows 7&amp;apos;, os.arch: &amp;apos;amd64&amp;apos;, os.version: &amp;apos;6.1&amp;apos;, java.version: &amp;apos;1.8.0_144&amp;apos;
Driver info: iqidaoTest.Utils.MyChormeDriver
Capabilities [{message=unknown error: cannot find dict &amp;apos;desiredCapabilities&amp;apos;
  (Driver info: chromedriver=2.9.248315,platform=Windows NT 6.1 SP1 x86_64), platform=ANY}]
Session ID: 083715484f9e5d467c64d6b6d5a67beb
*** Element info: {Using=xpath, value=//*[@id=&amp;apos;activity-list&amp;apos;]/tbody/tr[1]/td[4]/a/span}">
      <![CDATA[org.openqa.selenium.NoSuchElementException: no such element
  (Session info: chrome=50.0.2661.94)
  (Driver info: chromedriver=2.9.248315,platform=Windows NT 6.1 SP1 x86_64) (WARNING: The server did not provide any stacktrace information)
Command duration or timeout: 23 milliseconds
For documentation on this error, please visit: http://seleniumhq.org/exceptions/no_such_element.html
Build info: version: '2.53.0', revision: '35ae25b1534ae328c771e0856c93e187490ca824', time: '2016-03-15 10:43:46'
System info: host: 'zhaolu-PC', ip: '192.168.10.54', os.name: 'Windows 7', os.arch: 'amd64', os.version: '6.1', java.version: '1.8.0_144'
Driver info: iqidaoTest.Utils.MyChormeDriver
Capabilities [{message=unknown error: cannot find dict 'desiredCapabilities'
  (Driver info: chromedriver=2.9.248315,platform=Windows NT 6.1 SP1 x86_64), platform=ANY}]
Session ID: 083715484f9e5d467c64d6b6d5a67beb
*** Element info: {Using=xpath, value=//*[@id='activity-list']/tbody/tr[1]/td[4]/a/span}
	at org.openqa.selenium.remote.ErrorHandler.createThrowable(ErrorHandler.java:206)
	at org.openqa.selenium.remote.ErrorHandler.throwIfResponseFailed(ErrorHandler.java:158)
	at org.openqa.selenium.remote.RemoteWebDriver.execute(RemoteWebDriver.java:678)
	at org.openqa.selenium.remote.RemoteWebDriver.findElement(RemoteWebDriver.java:363)
	at org.openqa.selenium.remote.RemoteWebDriver.findElementByXPath(RemoteWebDriver.java:500)
	at org.openqa.selenium.By$ByXPath.findElement(By.java:361)
	at org.openqa.selenium.remote.RemoteWebDriver.findElement(RemoteWebDriver.java:355)
	at iqidaoTest.adminPageObject.ActivitysListPage.getActivityByName(ActivitysListPage.java:61)
	at iqidaoTest.testCase.ActivityTC.createSeasonAndCoursetest(ActivityTC.java:121)
	at java.util.concurrent.FutureTask.run(FutureTask.java:266)
	at java.util.concurrent.ThreadPoolExecutor.runWorker(ThreadPoolExecutor.java:1149)
	at java.util.concurrent.ThreadPoolExecutor$Worker.run(ThreadPoolExecutor.java:624)
	at java.lang.Thread.run(Thread.java:748)
... Removed 19 stack frames]]>
    </failure>
  </testcase> <!-- createSeasonAndCoursetest -->
  <testcase name="createSeasonAndCoursetest" time="3.207" classname="iqidaoTest.testCase.ActivityTC">
    <failure type="org.openqa.selenium.NoSuchElementException" message="no such element
  (Session info: chrome=50.0.2661.94)
  (Driver info: chromedriver=2.9.248315,platform=Windows NT 6.1 SP1 x86_64) (WARNING: The server did not provide any stacktrace information)
Command duration or timeout: 28 milliseconds
For documentation on this error, please visit: http://seleniumhq.org/exceptions/no_such_element.html
Build info: version: &amp;apos;2.53.0&amp;apos;, revision: &amp;apos;35ae25b1534ae328c771e0856c93e187490ca824&amp;apos;, time: &amp;apos;2016-03-15 10:43:46&amp;apos;
System info: host: &amp;apos;zhaolu-PC&amp;apos;, ip: &amp;apos;192.168.10.54&amp;apos;, os.name: &amp;apos;Windows 7&amp;apos;, os.arch: &amp;apos;amd64&amp;apos;, os.version: &amp;apos;6.1&amp;apos;, java.version: &amp;apos;1.8.0_144&amp;apos;
Driver info: iqidaoTest.Utils.MyChormeDriver
Capabilities [{message=unknown error: cannot find dict &amp;apos;desiredCapabilities&amp;apos;
  (Driver info: chromedriver=2.9.248315,platform=Windows NT 6.1 SP1 x86_64), platform=ANY}]
Session ID: 083715484f9e5d467c64d6b6d5a67beb
*** Element info: {Using=xpath, value=//*[@id=&amp;apos;activity-list&amp;apos;]/tbody/tr[1]/td[4]/a/span}">
      <![CDATA[org.openqa.selenium.NoSuchElementException: no such element
  (Session info: chrome=50.0.2661.94)
  (Driver info: chromedriver=2.9.248315,platform=Windows NT 6.1 SP1 x86_64) (WARNING: The server did not provide any stacktrace information)
Command duration or timeout: 28 milliseconds
For documentation on this error, please visit: http://seleniumhq.org/exceptions/no_such_element.html
Build info: version: '2.53.0', revision: '35ae25b1534ae328c771e0856c93e187490ca824', time: '2016-03-15 10:43:46'
System info: host: 'zhaolu-PC', ip: '192.168.10.54', os.name: 'Windows 7', os.arch: 'amd64', os.version: '6.1', java.version: '1.8.0_144'
Driver info: iqidaoTest.Utils.MyChormeDriver
Capabilities [{message=unknown error: cannot find dict 'desiredCapabilities'
  (Driver info: chromedriver=2.9.248315,platform=Windows NT 6.1 SP1 x86_64), platform=ANY}]
Session ID: 083715484f9e5d467c64d6b6d5a67beb
*** Element info: {Using=xpath, value=//*[@id='activity-list']/tbody/tr[1]/td[4]/a/span}
	at org.openqa.selenium.remote.ErrorHandler.createThrowable(ErrorHandler.java:206)
	at org.openqa.selenium.remote.ErrorHandler.throwIfResponseFailed(ErrorHandler.java:158)
	at org.openqa.selenium.remote.RemoteWebDriver.execute(RemoteWebDriver.java:678)
	at org.openqa.selenium.remote.RemoteWebDriver.findElement(RemoteWebDriver.java:363)
	at org.openqa.selenium.remote.RemoteWebDriver.findElementByXPath(RemoteWebDriver.java:500)
	at org.openqa.selenium.By$ByXPath.findElement(By.java:361)
	at org.openqa.selenium.remote.RemoteWebDriver.findElement(RemoteWebDriver.java:355)
	at iqidaoTest.adminPageObject.ActivitysListPage.getActivityByName(ActivitysListPage.java:61)
	at iqidaoTest.testCase.ActivityTC.createSeasonAndCoursetest(ActivityTC.java:121)
	at java.util.concurrent.FutureTask.run(FutureTask.java:266)
	at java.util.concurrent.ThreadPoolExecutor.runWorker(ThreadPoolExecutor.java:1149)
	at java.util.concurrent.ThreadPoolExecutor$Worker.run(ThreadPoolExecutor.java:624)
	at java.lang.Thread.run(Thread.java:748)
... Removed 19 stack frames]]>
    </failure>
  </testcase> <!-- createSeasonAndCoursetest -->
  <testcase name="createSeasonAndCoursetest" time="3.216" classname="iqidaoTest.testCase.ActivityTC">
    <failure type="org.openqa.selenium.NoSuchElementException" message="no such element
  (Session info: chrome=50.0.2661.94)
  (Driver info: chromedriver=2.9.248315,platform=Windows NT 6.1 SP1 x86_64) (WARNING: The server did not provide any stacktrace information)
Command duration or timeout: 51 milliseconds
For documentation on this error, please visit: http://seleniumhq.org/exceptions/no_such_element.html
Build info: version: &amp;apos;2.53.0&amp;apos;, revision: &amp;apos;35ae25b1534ae328c771e0856c93e187490ca824&amp;apos;, time: &amp;apos;2016-03-15 10:43:46&amp;apos;
System info: host: &amp;apos;zhaolu-PC&amp;apos;, ip: &amp;apos;192.168.10.54&amp;apos;, os.name: &amp;apos;Windows 7&amp;apos;, os.arch: &amp;apos;amd64&amp;apos;, os.version: &amp;apos;6.1&amp;apos;, java.version: &amp;apos;1.8.0_144&amp;apos;
Driver info: iqidaoTest.Utils.MyChormeDriver
Capabilities [{message=unknown error: cannot find dict &amp;apos;desiredCapabilities&amp;apos;
  (Driver info: chromedriver=2.9.248315,platform=Windows NT 6.1 SP1 x86_64), platform=ANY}]
Session ID: 083715484f9e5d467c64d6b6d5a67beb
*** Element info: {Using=xpath, value=//*[@id=&amp;apos;activity-list&amp;apos;]/tbody/tr[1]/td[4]/a/span}">
      <![CDATA[org.openqa.selenium.NoSuchElementException: no such element
  (Session info: chrome=50.0.2661.94)
  (Driver info: chromedriver=2.9.248315,platform=Windows NT 6.1 SP1 x86_64) (WARNING: The server did not provide any stacktrace information)
Command duration or timeout: 51 milliseconds
For documentation on this error, please visit: http://seleniumhq.org/exceptions/no_such_element.html
Build info: version: '2.53.0', revision: '35ae25b1534ae328c771e0856c93e187490ca824', time: '2016-03-15 10:43:46'
System info: host: 'zhaolu-PC', ip: '192.168.10.54', os.name: 'Windows 7', os.arch: 'amd64', os.version: '6.1', java.version: '1.8.0_144'
Driver info: iqidaoTest.Utils.MyChormeDriver
Capabilities [{message=unknown error: cannot find dict 'desiredCapabilities'
  (Driver info: chromedriver=2.9.248315,platform=Windows NT 6.1 SP1 x86_64), platform=ANY}]
Session ID: 083715484f9e5d467c64d6b6d5a67beb
*** Element info: {Using=xpath, value=//*[@id='activity-list']/tbody/tr[1]/td[4]/a/span}
	at org.openqa.selenium.remote.ErrorHandler.createThrowable(ErrorHandler.java:206)
	at org.openqa.selenium.remote.ErrorHandler.throwIfResponseFailed(ErrorHandler.java:158)
	at org.openqa.selenium.remote.RemoteWebDriver.execute(RemoteWebDriver.java:678)
	at org.openqa.selenium.remote.RemoteWebDriver.findElement(RemoteWebDriver.java:363)
	at org.openqa.selenium.remote.RemoteWebDriver.findElementByXPath(RemoteWebDriver.java:500)
	at org.openqa.selenium.By$ByXPath.findElement(By.java:361)
	at org.openqa.selenium.remote.RemoteWebDriver.findElement(RemoteWebDriver.java:355)
	at iqidaoTest.adminPageObject.ActivitysListPage.getActivityByName(ActivitysListPage.java:61)
	at iqidaoTest.testCase.ActivityTC.createSeasonAndCoursetest(ActivityTC.java:121)
	at java.util.concurrent.FutureTask.run(FutureTask.java:266)
	at java.util.concurrent.ThreadPoolExecutor.runWorker(ThreadPoolExecutor.java:1149)
	at java.util.concurrent.ThreadPoolExecutor$Worker.run(ThreadPoolExecutor.java:624)
	at java.lang.Thread.run(Thread.java:748)
... Removed 19 stack frames]]>
    </failure>
  </testcase> <!-- createSeasonAndCoursetest -->
  <testcase name="createSeasonAndCoursetest" time="3.135" classname="iqidaoTest.testCase.ActivityTC">
    <failure type="org.openqa.selenium.NoSuchElementException" message="no such element
  (Session info: chrome=50.0.2661.94)
  (Driver info: chromedriver=2.9.248315,platform=Windows NT 6.1 SP1 x86_64) (WARNING: The server did not provide any stacktrace information)
Command duration or timeout: 33 milliseconds
For documentation on this error, please visit: http://seleniumhq.org/exceptions/no_such_element.html
Build info: version: &amp;apos;2.53.0&amp;apos;, revision: &amp;apos;35ae25b1534ae328c771e0856c93e187490ca824&amp;apos;, time: &amp;apos;2016-03-15 10:43:46&amp;apos;
System info: host: &amp;apos;zhaolu-PC&amp;apos;, ip: &amp;apos;192.168.10.54&amp;apos;, os.name: &amp;apos;Windows 7&amp;apos;, os.arch: &amp;apos;amd64&amp;apos;, os.version: &amp;apos;6.1&amp;apos;, java.version: &amp;apos;1.8.0_144&amp;apos;
Driver info: iqidaoTest.Utils.MyChormeDriver
Capabilities [{message=unknown error: cannot find dict &amp;apos;desiredCapabilities&amp;apos;
  (Driver info: chromedriver=2.9.248315,platform=Windows NT 6.1 SP1 x86_64), platform=ANY}]
Session ID: 083715484f9e5d467c64d6b6d5a67beb
*** Element info: {Using=xpath, value=//*[@id=&amp;apos;activity-list&amp;apos;]/tbody/tr[1]/td[4]/a/span}">
      <![CDATA[org.openqa.selenium.NoSuchElementException: no such element
  (Session info: chrome=50.0.2661.94)
  (Driver info: chromedriver=2.9.248315,platform=Windows NT 6.1 SP1 x86_64) (WARNING: The server did not provide any stacktrace information)
Command duration or timeout: 33 milliseconds
For documentation on this error, please visit: http://seleniumhq.org/exceptions/no_such_element.html
Build info: version: '2.53.0', revision: '35ae25b1534ae328c771e0856c93e187490ca824', time: '2016-03-15 10:43:46'
System info: host: 'zhaolu-PC', ip: '192.168.10.54', os.name: 'Windows 7', os.arch: 'amd64', os.version: '6.1', java.version: '1.8.0_144'
Driver info: iqidaoTest.Utils.MyChormeDriver
Capabilities [{message=unknown error: cannot find dict 'desiredCapabilities'
  (Driver info: chromedriver=2.9.248315,platform=Windows NT 6.1 SP1 x86_64), platform=ANY}]
Session ID: 083715484f9e5d467c64d6b6d5a67beb
*** Element info: {Using=xpath, value=//*[@id='activity-list']/tbody/tr[1]/td[4]/a/span}
	at org.openqa.selenium.remote.ErrorHandler.createThrowable(ErrorHandler.java:206)
	at org.openqa.selenium.remote.ErrorHandler.throwIfResponseFailed(ErrorHandler.java:158)
	at org.openqa.selenium.remote.RemoteWebDriver.execute(RemoteWebDriver.java:678)
	at org.openqa.selenium.remote.RemoteWebDriver.findElement(RemoteWebDriver.java:363)
	at org.openqa.selenium.remote.RemoteWebDriver.findElementByXPath(RemoteWebDriver.java:500)
	at org.openqa.selenium.By$ByXPath.findElement(By.java:361)
	at org.openqa.selenium.remote.RemoteWebDriver.findElement(RemoteWebDriver.java:355)
	at iqidaoTest.adminPageObject.ActivitysListPage.getActivityByName(ActivitysListPage.java:61)
	at iqidaoTest.testCase.ActivityTC.createSeasonAndCoursetest(ActivityTC.java:121)
	at java.util.concurrent.FutureTask.run(FutureTask.java:266)
	at java.util.concurrent.ThreadPoolExecutor.runWorker(ThreadPoolExecutor.java:1149)
	at java.util.concurrent.ThreadPoolExecutor$Worker.run(ThreadPoolExecutor.java:624)
	at java.lang.Thread.run(Thread.java:748)
... Removed 19 stack frames]]>
    </failure>
  </testcase> <!-- createSeasonAndCoursetest -->
  <testcase name="PreparePaper" time="0.008" classname="iqidaoTest.testCase.CouserPaperQuizTC">
    <skipped/>
  </testcase> <!-- PreparePaper -->
  <testcase name="ExercisesAfter" time="0.0" classname="iqidaoTest.testCase.CouserPaperQuizTC">
    <skipped/>
  </testcase> <!-- ExercisesAfter -->
  <testcase name="TeatPaper" time="0.0" classname="iqidaoTest.testCase.CouserPaperQuizTC">
    <skipped/>
  </testcase> <!-- TeatPaper -->
  <testcase name="addActivityUser" time="0.0" classname="iqidaoTest.testCase.ActivityUserTC">
    <skipped/>
  </testcase> <!-- addActivityUser -->
  <testcase name="CreateCombo" time="0.0" classname="iqidaoTest.testCase.SignupComboTC">
    <skipped/>
  </testcase> <!-- CreateCombo -->
  <testcase name="deleteActivityUser" time="0.001" classname="iqidaoTest.testCase.ActivityUserTC">
    <skipped/>
  </testcase> <!-- deleteActivityUser -->
  <testcase name="EditCombo" time="0.0" classname="iqidaoTest.testCase.SignupComboTC">
    <skipped/>
  </testcase> <!-- EditCombo -->
  <testcase name="ComboLink" time="0.0" classname="iqidaoTest.testCase.ActivityTComboTC">
    <skipped/>
  </testcase> <!-- ComboLink -->
  <testcase name="CreateEntranceTest" time="0.0" classname="iqidaoTest.testCase.EntranceTestActivityTC">
    <skipped/>
  </testcase> <!-- CreateEntranceTest -->
  <testcase name="ExClass" time="0.001" classname="iqidaoTest.testCase.ExchangeClassTC">
    <skipped/>
  </testcase> <!-- ExClass -->
</testsuite> <!-- acitivity -->
