<?xml version="1.0" encoding="UTF-8"?>
<!-- Generated by org.testng.reporters.JUnitXMLReporter -->
<testsuite hostname="zhaolu-PC" name="PublicTest" tests="4" failures="1" timestamp="7 Nov 2018 10:28:20 GMT" time="99.2" errors="0">
  <testcase name="PublicclumnAdd" time="40.581" classname="iqidaoTest.testCase.PublicNewsTC">
    <failure type="org.openqa.selenium.NoSuchElementException" message="no such element
  (Session info: chrome=50.0.2661.94)
  (Driver info: chromedriver=2.9.248315,platform=Windows NT 6.1 SP1 x86_64) (WARNING: The server did not provide any stacktrace information)
Command duration or timeout: 59 milliseconds
For documentation on this error, please visit: http://seleniumhq.org/exceptions/no_such_element.html
Build info: version: &amp;apos;2.53.0&amp;apos;, revision: &amp;apos;35ae25b1534ae328c771e0856c93e187490ca824&amp;apos;, time: &amp;apos;2016-03-15 10:43:46&amp;apos;
System info: host: &amp;apos;zhaolu-PC&amp;apos;, ip: &amp;apos;192.168.10.54&amp;apos;, os.name: &amp;apos;Windows 7&amp;apos;, os.arch: &amp;apos;amd64&amp;apos;, os.version: &amp;apos;6.1&amp;apos;, java.version: &amp;apos;1.8.0_144&amp;apos;
Driver info: org.openqa.selenium.chrome.ChromeDriver
Capabilities [{applicationCacheEnabled=false, rotatable=false, chrome={userDataDir=C:\Users\zhaolu\AppData\Local\Temp\scoped_dir6040_27683}, takesHeapSnapshot=true, databaseEnabled=false, handlesAlerts=true, version=50.0.2661.94, platform=XP, browserConnectionEnabled=false, nativeEvents=true, acceptSslCerts=true, locationContextEnabled=true, webStorageEnabled=true, browserName=chrome, takesScreenshot=true, javascriptEnabled=true, cssSelectorsEnabled=true}]
Session ID: b62510944a42e1854e4eac0fd5fab07f
*** Element info: {Using=xpath, value=//*[@id=&amp;apos;addarticle&amp;apos;]/form/div[2]/div/div[3]/div/div/div[3]/div}">
      <![CDATA[org.openqa.selenium.NoSuchElementException: no such element
  (Session info: chrome=50.0.2661.94)
  (Driver info: chromedriver=2.9.248315,platform=Windows NT 6.1 SP1 x86_64) (WARNING: The server did not provide any stacktrace information)
Command duration or timeout: 59 milliseconds
For documentation on this error, please visit: http://seleniumhq.org/exceptions/no_such_element.html
Build info: version: '2.53.0', revision: '35ae25b1534ae328c771e0856c93e187490ca824', time: '2016-03-15 10:43:46'
System info: host: 'zhaolu-PC', ip: '192.168.10.54', os.name: 'Windows 7', os.arch: 'amd64', os.version: '6.1', java.version: '1.8.0_144'
Driver info: org.openqa.selenium.chrome.ChromeDriver
Capabilities [{applicationCacheEnabled=false, rotatable=false, chrome={userDataDir=C:\Users\zhaolu\AppData\Local\Temp\scoped_dir6040_27683}, takesHeapSnapshot=true, databaseEnabled=false, handlesAlerts=true, version=50.0.2661.94, platform=XP, browserConnectionEnabled=false, nativeEvents=true, acceptSslCerts=true, locationContextEnabled=true, webStorageEnabled=true, browserName=chrome, takesScreenshot=true, javascriptEnabled=true, cssSelectorsEnabled=true}]
Session ID: b62510944a42e1854e4eac0fd5fab07f
*** Element info: {Using=xpath, value=//*[@id='addarticle']/form/div[2]/div/div[3]/div/div/div[3]/div}
	at org.openqa.selenium.remote.ErrorHandler.createThrowable(ErrorHandler.java:206)
	at org.openqa.selenium.remote.ErrorHandler.throwIfResponseFailed(ErrorHandler.java:158)
	at org.openqa.selenium.remote.RemoteWebDriver.execute(RemoteWebDriver.java:678)
	at org.openqa.selenium.remote.RemoteWebDriver.findElement(RemoteWebDriver.java:363)
	at org.openqa.selenium.remote.RemoteWebDriver.findElementByXPath(RemoteWebDriver.java:500)
	at org.openqa.selenium.By$ByXPath.findElement(By.java:361)
	at org.openqa.selenium.remote.RemoteWebDriver.findElement(RemoteWebDriver.java:355)
	at iqidaoTest.PublicColumnObject.PublicColumnAddPage.getNewcontentLoactor(PublicColumnAddPage.java:69)
	at iqidaoTest.PublicColumnObject.PublicColumnAddPage.AddColoumn(PublicColumnAddPage.java:106)
	at iqidaoTest.testCase.PublicNewsTC.PublicclumnAdd(PublicNewsTC.java:48)
	at java.util.concurrent.FutureTask.run(FutureTask.java:266)
	at java.util.concurrent.ThreadPoolExecutor.runWorker(ThreadPoolExecutor.java:1149)
	at java.util.concurrent.ThreadPoolExecutor$Worker.run(ThreadPoolExecutor.java:624)
	at java.lang.Thread.run(Thread.java:748)
... Removed 20 stack frames]]>
    </failure>
  </testcase> <!-- PublicclumnAdd -->
  <testcase name="PublicclumnAdd" time="23.145" classname="iqidaoTest.testCase.PublicNewsTC"/>
  <testcase name="publicclumnMod" time="0.0" classname="iqidaoTest.testCase.PublicNewsTC">
    <skipped/>
  </testcase> <!-- publicclumnMod -->
  <testcase name="publicclumnDel" time="0.001" classname="iqidaoTest.testCase.PublicNewsTC">
    <skipped/>
  </testcase> <!-- publicclumnDel -->
</testsuite> <!-- PublicTest -->
